


materialPath: C:\Program Files (x86)\Steam\steamapps\common\Source SDK Base 2013 Multiplayer\hl2\materials
Loading c:\program files (x86)\steam\steamapps\common\garrysmod\garrysmod\addons\synthwave_highway\maps\gm_infmap_developer.vmf
Could not locate 'GameData' key in c:\program files (x86)\steam\steamapps\common\source sdk base 2013 multiplayer\hl2\gameinfo.txt
fixing up env_cubemap materials on brush sides...
0...1...2...3...4...5...6...7...8...9...100...1...2...3...4...5...6...7...8...9...10Processing areas...done (0)
Building Faces...done (0)
FixTjuncs...
PruneNodes...
WriteBSP...
done (0)
writing c:\program files (x86)\steam\steamapps\common\garrysmod\garrysmod\addons\synthwave_highway\maps\gm_infmap_developer.prt...Building visibility clusters...
done (0)
Creating default LDR cubemaps for env_cubemap using skybox materials:
   skybox/dev_skybox*.vmt
 ! Run buildcubemaps in the engine to get the correct cube maps.
Creating default HDR cubemaps for env_cubemap using skybox materials:
   skybox/dev_skybox*.vmt
 ! Run buildcubemaps in the engine to get the correct cube maps.
Finding displacement neighbors...
Finding lightmap sample positions...
Displacement Alpha : 0...1...2...3...4...5...6...7...8...9...10
Building Physics collision data...
done (0) (2302 bytes)
Placing detail props : 0...1...2...3...4...5...6...7...8...9...10
Compacting texture/material tables...
Reduced 10 texinfos to 2
Reduced 2 texdatas to 2 (36 bytes to 36)
Writing c:\program files (x86)\steam\steamapps\common\garrysmod\garrysmod\addons\synthwave_highway\maps\gm_infmap_developer.bsp
MSG_FILEWRITE - Filesystem was asked to write to 'c:\program files (x86)\steam\steamapps\common\garrysmod\garrysmod\addons\synthwave_highway\maps\gm_infmap_developer.bsp', but we don't own that location. Allowing.
Wrote ZIP buffer, estimated size 164228, actual size 163746
1 second elapsed



4 threads
reading c:\program files (x86)\steam\steamapps\common\garrysmod\garrysmod\addons\synthwave_highway\maps\gm_infmap_developer.bsp
reading c:\program files (x86)\steam\steamapps\common\garrysmod\garrysmod\addons\synthwave_highway\maps\gm_infmap_developer.prt
1024 portalclusters
1984 numportals
0...1...2...3...4...5...6...7...8...9...100...1...2...3...4...5...6...7...8...9...10Optimized: 0 visible clusters (0.00%)
Total clusters visible: 1048576
Average clusters visible: 1024
Building PAS...
Average clusters audible: 1024
visdatasize:270340  compressed from 262144
writing c:\program files (x86)\steam\steamapps\common\garrysmod\garrysmod\addons\synthwave_highway\maps\gm_infmap_developer.bsp
MSG_FILEWRITE - Filesystem was asked to write to 'c:\program files (x86)\steam\steamapps\common\garrysmod\garrysmod\addons\synthwave_highway\maps\gm_infmap_developer.bsp', but we don't own that location. Allowing.
1 minute, 47 seconds elapsed
